<?xml version="1.0" encoding="UTF-8"?>
<testsuite xmlns:xsi="http://www.w3.org/2001/XMLSchema-instance" xsi:noNamespaceSchemaLocation="https://maven.apache.org/surefire/maven-surefire-plugin/xsd/surefire-test-report.xsd" name="com.exemplo.lanchonete.provider.CozinhaProviderTest" time="0.034" tests="1" errors="1" skipped="0" failures="0">
  <properties>
[...]
</properties>
  <testcase name="testTemplate{PactVerificationContext}" classname="com.exemplo.lanchonete.provider.CozinhaProviderTest" time="0.034">
    <error message="No Pact files were found to verify&#10;Provider: CozinhaService&#10;Source: Directory(\pedido-lanche-service\pacts)" type="au.com.dius.pact.provider.junitsupport.loader.NoPactsFoundException">au.com.dius.pact.provider.junitsupport.loader.NoPactsFoundException: 
No Pact files were found to verify
Provider: CozinhaService
Source: Directory(\pedido-lanche-service\pacts)
</error>
    <system-out><![CDATA[23:03:44.082 [main] DEBUG au.com.dius.pact.provider.junit5.PactVerificationInvocationContextProvider - Verifying pacts for provider 'CozinhaService' and consumer 'null'
23:03:44.125 [main] DEBUG au.com.dius.pact.provider.junit5.PactVerificationInvocationContextProvider - Pact sources on test class:
 @au.com.dius.pact.provider.junitsupport.loader.PactSource(value=au.com.dius.pact.provider.junitsupport.loader.PactFolderLoader.class)
23:03:44.125 [main] DEBUG au.com.dius.pact.provider.ProviderUtils - Pact source does not have a constructor with one argument of type Class
]]></system-out>
  </testcase>
</testsuite>